<?xml version="1.0" encoding="UTF-8"?>
<testsuite xmlns:xsi="http://www.w3.org/2001/XMLSchema-instance" xsi:noNamespaceSchemaLocation="https://maven.apache.org/surefire/maven-surefire-plugin/xsd/surefire-test-report.xsd" name="pl.app.tests.ServerSuite" time="4.682" tests="33" errors="0" skipped="0" failures="0">
  <properties>
    <property name="sun.desktop" value="gnome"/>
    <property name="awt.toolkit" value="sun.awt.X11.XToolkit"/>
    <property name="java.specification.version" value="10"/>
    <property name="file.encoding.pkg" value="sun.io"/>
    <property name="sun.cpu.isalist" value=""/>
    <property name="sun.jnu.encoding" value="UTF-8"/>
    <property name="java.class.path" value="/home/karolina/Java programy/PRK_JAVA_Dybowski_Pietrzykowska_Projekt/A_Kod zrodlowy/projekt/KolkoIKrzyzyk/target/test-classes:/home/karolina/Java programy/PRK_JAVA_Dybowski_Pietrzykowska_Projekt/A_Kod zrodlowy/projekt/KolkoIKrzyzyk/target/classes:/home/karolina/.m2/repository/junit/junit/4.12/junit-4.12.jar:/home/karolina/.m2/repository/org/hamcrest/hamcrest-core/1.3/hamcrest-core-1.3.jar:/home/karolina/.m2/repository/org/assertj/assertj-core/3.9.1/assertj-core-3.9.1.jar:/home/karolina/.m2/repository/org/testfx/testfx-junit/4.0.13-alpha/testfx-junit-4.0.13-alpha.jar:/home/karolina/.m2/repository/org/testfx/testfx-core/4.0.13-alpha/testfx-core-4.0.13-alpha.jar:"/>
    <property name="java.vm.vendor" value="&quot;Oracle Corporation&quot;"/>
    <property name="sun.arch.data.model" value="64"/>
    <property name="java.vendor.url" value="http://java.oracle.com/"/>
    <property name="user.timezone" value=""/>
    <property name="java.vm.specification.version" value="10"/>
    <property name="os.name" value="Linux"/>
    <property name="sun.java.launcher" value="SUN_STANDARD"/>
    <property name="user.country" value="PL"/>
    <property name="sun.boot.library.path" value="/usr/lib/jvm/java-10-oracle/lib"/>
    <property name="sun.java.command" value="/home/karolina/Java programy/PRK_JAVA_Dybowski_Pietrzykowska_Projekt/A_Kod zrodlowy/projekt/KolkoIKrzyzyk/target/surefire/surefirebooter1489511940798782533.jar /home/karolina/Java programy/PRK_JAVA_Dybowski_Pietrzykowska_Projekt/A_Kod zrodlowy/projekt/KolkoIKrzyzyk/target/surefire 2018-12-29T19-30-23_741-jvmRun1 surefire8356773059197879580tmp surefire_06012041794506491387tmp"/>
    <property name="jdk.debug" value="release"/>
    <property name="surefire.test.class.path" value="/home/karolina/Java programy/PRK_JAVA_Dybowski_Pietrzykowska_Projekt/A_Kod zrodlowy/projekt/KolkoIKrzyzyk/target/test-classes:/home/karolina/Java programy/PRK_JAVA_Dybowski_Pietrzykowska_Projekt/A_Kod zrodlowy/projekt/KolkoIKrzyzyk/target/classes:/home/karolina/.m2/repository/junit/junit/4.12/junit-4.12.jar:/home/karolina/.m2/repository/org/hamcrest/hamcrest-core/1.3/hamcrest-core-1.3.jar:/home/karolina/.m2/repository/org/assertj/assertj-core/3.9.1/assertj-core-3.9.1.jar:/home/karolina/.m2/repository/org/testfx/testfx-junit/4.0.13-alpha/testfx-junit-4.0.13-alpha.jar:/home/karolina/.m2/repository/org/testfx/testfx-core/4.0.13-alpha/testfx-core-4.0.13-alpha.jar:"/>
    <property name="sun.cpu.endian" value="little"/>
    <property name="user.home" value="/home/karolina"/>
    <property name="user.language" value="pl"/>
    <property name="java.specification.vendor" value="Oracle Corporation"/>
    <property name="java.version.date" value="2018-07-17"/>
    <property name="java.home" value="/usr/lib/jvm/java-10-oracle"/>
    <property name="file.separator" value="/"/>
    <property name="basedir" value="/home/karolina/Java programy/PRK_JAVA_Dybowski_Pietrzykowska_Projekt/A_Kod zrodlowy/projekt/KolkoIKrzyzyk"/>
    <property name="java.vm.compressedOopsMode" value="32-bit"/>
    <property name="line.separator" value="&#10;"/>
    <property name="java.specification.name" value="Java Platform API Specification"/>
    <property name="java.vm.specification.vendor" value="Oracle Corporation"/>
    <property name="java.awt.graphicsenv" value="sun.awt.X11GraphicsEnvironment"/>
    <property name="surefire.real.class.path" value="/home/karolina/Java programy/PRK_JAVA_Dybowski_Pietrzykowska_Projekt/A_Kod zrodlowy/projekt/KolkoIKrzyzyk/target/surefire/surefirebooter1489511940798782533.jar"/>
    <property name="sun.management.compiler" value="HotSpot 64-Bit Tiered Compilers"/>
    <property name="java.runtime.version" value="10.0.2+13"/>
    <property name="user.name" value="karolina"/>
    <property name="path.separator" value=":"/>
    <property name="os.version" value="4.15.0-43-generic"/>
    <property name="java.runtime.name" value="Java(TM) SE Runtime Environment"/>
    <property name="file.encoding" value="UTF-8"/>
    <property name="java.vm.name" value="Java HotSpot(TM) 64-Bit Server VM"/>
    <property name="java.vendor.version" value="18.3"/>
    <property name="localRepository" value="/home/karolina/.m2/repository"/>
    <property name="java.vendor.url.bug" value="http://bugreport.java.com/bugreport/"/>
    <property name="java.io.tmpdir" value="/tmp"/>
    <property name="java.version" value="10.0.2"/>
    <property name="user.dir" value="/home/karolina/Java programy/PRK_JAVA_Dybowski_Pietrzykowska_Projekt/A_Kod zrodlowy/projekt/KolkoIKrzyzyk"/>
    <property name="os.arch" value="amd64"/>
    <property name="java.vm.specification.name" value="Java Virtual Machine Specification"/>
    <property name="java.awt.printerjob" value="sun.print.PSPrinterJob"/>
    <property name="sun.os.patch.level" value="unknown"/>
    <property name="java.library.path" value="/usr/java/packages/lib:/usr/lib64:/lib64:/lib:/usr/lib"/>
    <property name="java.vendor" value="Oracle Corporation"/>
    <property name="java.vm.info" value="mixed mode"/>
    <property name="java.vm.version" value="10.0.2+13"/>
    <property name="sun.io.unicode.encoding" value="UnicodeLittle"/>
    <property name="java.class.version" value="54.0"/>
  </properties>
  <testcase name="isServerMainCreated" classname="pl.app.tests.ServerMainTest" time="0.002"/>
  <testcase name="hasTxtPortCorrectPadding" classname="pl.app.tests.ServerStageTest" time="0.942"/>
  <testcase name="hasBorderPaneCorrectPreferredHeight" classname="pl.app.tests.ServerStageTest" time="0.253"/>
  <testcase name="hasTxtPortCorrectMaxWidth" classname="pl.app.tests.ServerStageTest" time="0.24"/>
  <testcase name="hasLblStatusCorrectTextFill" classname="pl.app.tests.ServerStageTest" time="0.244"/>
  <testcase name="hasLblPortCorrectTextFill" classname="pl.app.tests.ServerStageTest" time="0.241"/>
  <testcase name="hasBorderPaneCorrectPadding" classname="pl.app.tests.ServerStageTest" time="0.238"/>
  <testcase name="hasBorderPaneLblStatusBottom" classname="pl.app.tests.ServerStageTest" time="0.238"/>
  <testcase name="hasBorderPaneCorrectPreferredWidth" classname="pl.app.tests.ServerStageTest" time="0.231"/>
  <testcase name="hasBtnStartCorrectMaxWidth" classname="pl.app.tests.ServerStageTest" time="0.222"/>
  <testcase name="hasBtnStartCorrectText" classname="pl.app.tests.ServerStageTest" time="0.223"/>
  <testcase name="hasBorderPaneHBoxCentered" classname="pl.app.tests.ServerStageTest" time="0.224"/>
  <testcase name="hasLblPortCorrectText" classname="pl.app.tests.ServerStageTest" time="0.254"/>
  <testcase name="hasTxtPortCorrectMaxHeight" classname="pl.app.tests.ServerStageTest" time="0.232"/>
  <testcase name="hasBtnStartCorrectMaxHeight" classname="pl.app.tests.ServerStageTest" time="0.239"/>
  <testcase name="hasTxtPortCorrectText" classname="pl.app.tests.ServerStageTest" time="0.242"/>
  <testcase name="hasHBoxCorrectSpacing" classname="pl.app.tests.ServerStageTest" time="0.234"/>
  <testcase name="closeListenerTest" classname="pl.app.tests.ServerServiceTest" time="0.017"/>
  <testcase name="setPortTest" classname="pl.app.tests.ServerServiceTest" time="0"/>
  <testcase name="startListenerTest" classname="pl.app.tests.ServerServiceTest" time="0"/>
  <testcase name="getInstanceTest" classname="pl.app.tests.ServerServiceTest" time="0.001"/>
  <testcase name="isLegalMoveWhenThereIsNotALegalMoveBecauseOfCurrentPlayer" classname="pl.app.tests.GameTest" time="0"/>
  <testcase name="hasWinnerReturnTrueWhenThereIsAWinner" classname="pl.app.tests.GameTest" time="0"/>
  <testcase name="isLegalMoveWhenThereIsNotALegalMoveBecauseOfLocation" classname="pl.app.tests.GameTest" time="0"/>
  <testcase name="isBoardFilledUpWhenArrayIsNotFullCompletely" classname="pl.app.tests.GameTest" time="0"/>
  <testcase name="playerConstructorTest" classname="pl.app.tests.GameTest" time="0.001"/>
  <testcase name="setterBoardTest" classname="pl.app.tests.GameTest" time="0"/>
  <testcase name="isBoardFilledUpWhenArrayIsNotNull" classname="pl.app.tests.GameTest" time="0"/>
  <testcase name="isBoardFilledUpWhenArrayIsNull" classname="pl.app.tests.GameTest" time="0"/>
  <testcase name="hasWinnerReturnFalseWhenArrayIsNullTest" classname="pl.app.tests.GameTest" time="0"/>
  <testcase name="isLegalMoveWhenThereIsNotALegalMoveBecauseOfCurrentPlayerAndLocation" classname="pl.app.tests.GameTest" time="0.001"/>
  <testcase name="hasWinnerReturnFalseWhenArrayIsNotNullButThereIsNoWinner" classname="pl.app.tests.GameTest" time="0"/>
  <testcase name="setOpponentTest" classname="pl.app.tests.GameTest" time="0"/>
</testsuite>